TN:
SF:core\Const.js
FNF:0
FNH:0
DA:1,7
LF:1
LH:1
BRF:0
BRH:0
end_of_record
TN:
SF:core\Exception.js
FNF:0
FNH:0
DA:2,12
LF:1
LH:1
BRF:0
BRH:0
end_of_record
TN:
SF:core\Interceptor.js
FN:7,(anonymous_0)
FN:8,(anonymous_1)
FNF:2
FNH:2
FNDA:4,(anonymous_0)
FNDA:4,(anonymous_1)
DA:2,1
DA:4,1
DA:7,1
DA:8,4
DA:9,4
DA:10,4
DA:11,4
DA:13,3
DA:16,3
DA:18,3
DA:19,1
DA:20,1
DA:21,1
DA:24,3
DA:29,1
LF:15
LH:15
BRDA:11,0,0,1
BRDA:11,0,1,3
BRDA:18,1,0,1
BRDA:18,1,1,2
BRF:4
BRH:4
end_of_record
TN:
SF:core\Middleware.js
FN:4,(anonymous_0)
FN:5,(anonymous_1)
FNF:2
FNH:2
FNDA:4,(anonymous_0)
FNDA:4,(anonymous_1)
DA:1,1
DA:4,1
DA:5,4
DA:6,4
DA:8,3
DA:9,3
DA:10,1
DA:13,2
DA:15,2
LF:9
LH:9
BRDA:6,0,0,1
BRDA:6,0,1,3
BRDA:13,1,0,1
BRDA:13,1,1,1
BRF:4
BRH:4
end_of_record
TN:
SF:layers\controllers\Admin.controller.js
FN:7,create
FN:20,get
FNF:2
FNH:2
FNDA:1,create
FNDA:2,get
DA:2,1
DA:3,1
DA:4,1
DA:8,1
DA:10,1
DA:12,1
DA:13,1
DA:15,1
DA:17,1
DA:21,2
DA:22,2
DA:24,1
DA:28,1
LF:13
LH:13
BRDA:22,0,0,1
BRDA:22,0,1,1
BRF:2
BRH:2
end_of_record
TN:
SF:layers\controllers\BlackList.controller.js
FN:8,create
FN:16,find
FN:20,remove
FN:29,save
FN:34,del
FN:39,get
FNF:6
FNH:6
FNDA:2,create
FNDA:6,find
FNDA:2,remove
FNDA:1,save
FNDA:3,del
FNDA:2,get
DA:1,1
DA:3,1
DA:9,2
DA:10,2
DA:12,1
DA:13,1
DA:17,6
DA:21,2
DA:22,2
DA:24,1
DA:30,1
DA:31,0
DA:35,3
DA:36,1
DA:40,2
DA:41,2
DA:43,1
DA:47,1
LF:18
LH:17
BRDA:10,0,0,1
BRDA:10,0,1,1
BRDA:22,1,0,1
BRDA:22,1,1,1
BRDA:41,2,0,1
BRDA:41,2,1,1
BRF:6
BRH:6
end_of_record
TN:
SF:layers\controllers\Invoice.controller.js
FN:16,getConv
FN:41,setSubstatus
FN:67,create
FN:109,finalize
FN:121,toValid
FN:133,toValidOk
FN:144,reject
FN:145,confirm
FN:147,changeAmount
FN:155,close
FN:177,pay
FN:191,getStatistics
FN:234,(anonymous_12)
FN:266,list
FN:281,save
FN:290,get
FN:297,getByUser
FN:307,getActive
FN:314,getActiveByUser
FN:324,getList
FNF:20
FNH:19
FNDA:1,getConv
FNDA:9,setSubstatus
FNDA:3,create
FNDA:4,finalize
FNDA:1,toValid
FNDA:1,toValidOk
FNDA:1,reject
FNDA:3,confirm
FNDA:2,changeAmount
FNDA:3,close
FNDA:1,pay
FNDA:1,getStatistics
FNDA:0,(anonymous_12)
FNDA:1,list
FNDA:9,save
FNDA:4,get
FNDA:1,getByUser
FNDA:8,getActive
FNDA:2,getActiveByUser
FNDA:1,getList
DA:1,2
DA:2,2
DA:4,2
DA:5,2
DA:6,2
DA:7,2
DA:9,2
DA:10,2
DA:11,2
DA:12,2
DA:17,1
DA:19,1
DA:29,1
DA:30,1
DA:32,1
DA:34,1
DA:42,9
DA:44,7
DA:45,7
DA:47,7
DA:48,1
DA:50,7
DA:52,0
DA:53,0
DA:54,0
DA:56,0
DA:60,0
DA:61,0
DA:68,3
DA:69,3
DA:71,2
DA:72,2
DA:73,2
DA:74,1
DA:75,1
DA:78,1
DA:79,1
DA:81,1
DA:83,1
DA:85,1
DA:98,1
DA:99,1
DA:101,1
DA:103,1
DA:104,1
DA:106,1
DA:110,4
DA:111,4
DA:112,4
DA:114,4
DA:116,4
DA:118,4
DA:122,1
DA:123,1
DA:125,0
DA:127,0
DA:128,0
DA:130,0
DA:134,1
DA:135,1
DA:136,1
DA:138,1
DA:139,1
DA:141,1
DA:144,1
DA:145,3
DA:148,2
DA:150,2
DA:152,2
DA:156,3
DA:158,3
DA:159,2
DA:161,1
DA:162,1
DA:164,1
DA:165,0
DA:166,0
DA:169,1
DA:170,1
DA:171,1
DA:173,1
DA:174,1
DA:178,1
DA:180,1
DA:182,1
DA:183,1
DA:185,1
DA:192,1
DA:194,1
DA:224,1
DA:225,1
DA:226,1
DA:227,1
DA:228,1
DA:229,1
DA:230,1
DA:231,1
DA:234,1
DA:235,0
DA:236,0
DA:238,0
DA:239,0
DA:240,0
DA:242,0
DA:245,1
DA:246,1
DA:247,1
DA:249,1
DA:267,1
DA:268,1
DA:270,1
DA:271,1
DA:273,1
DA:282,9
DA:283,9
DA:285,9
DA:287,0
DA:291,4
DA:292,4
DA:294,4
DA:298,1
DA:300,1
DA:301,0
DA:304,1
DA:308,8
DA:309,8
DA:311,8
DA:315,2
DA:317,2
DA:318,0
DA:321,2
DA:325,1
DA:326,1
DA:327,1
DA:329,1
DA:332,0
DA:337,2
LF:137
LH:115
BRDA:16,0,0,1
BRDA:16,1,0,1
BRDA:30,2,0,0
BRDA:30,2,1,1
BRDA:32,3,0,1
BRDA:32,3,1,0
BRDA:42,4,0,2
BRDA:42,4,1,7
BRDA:42,5,0,9
BRDA:42,5,1,9
BRDA:47,6,0,6
BRDA:47,6,1,1
BRDA:48,7,0,0
BRDA:48,7,1,1
BRDA:68,8,0,3
BRDA:68,8,1,3
BRDA:69,9,0,1
BRDA:69,9,1,2
BRDA:72,10,0,2
BRDA:72,10,1,2
BRDA:73,11,0,1
BRDA:73,11,1,1
BRDA:79,12,0,0
BRDA:79,12,1,1
BRDA:109,13,0,0
BRDA:109,14,0,1
BRDA:110,15,0,1
BRDA:110,15,1,3
BRDA:114,16,0,2
BRDA:114,16,1,2
BRDA:123,17,0,1
BRDA:123,17,1,0
BRDA:145,18,0,1
BRDA:158,19,0,1
BRDA:158,19,1,2
BRDA:159,20,0,1
BRDA:159,20,1,1
BRDA:164,21,0,0
BRDA:164,21,1,1
BRDA:191,22,0,0
BRDA:191,23,0,0
BRDA:191,24,0,1
BRDA:191,25,0,1
BRDA:192,26,0,1
BRDA:192,26,1,0
BRDA:192,27,0,1
BRDA:192,27,1,1
BRDA:245,28,0,1
BRDA:245,28,1,1
BRDA:246,29,0,1
BRDA:246,29,1,1
BRDA:247,30,0,1
BRDA:247,30,1,1
BRDA:270,31,0,0
BRDA:270,31,1,1
BRDA:270,32,0,1
BRDA:270,32,1,1
BRDA:274,33,0,1
BRDA:274,33,1,0
BRDA:275,34,0,1
BRDA:275,34,1,0
BRDA:292,35,0,0
BRDA:292,35,1,4
BRDA:300,36,0,0
BRDA:300,36,1,1
BRDA:301,37,0,0
BRDA:301,37,1,0
BRDA:309,38,0,0
BRDA:309,38,1,8
BRDA:317,39,0,0
BRDA:317,39,1,2
BRDA:318,40,0,0
BRDA:318,40,1,0
BRDA:324,41,0,0
BRDA:324,42,0,0
BRDA:324,43,0,0
BRDA:324,44,0,0
BRF:77
BRH:52
end_of_record
TN:
SF:layers\controllers\Log.controller.js
FN:7,create
FN:13,getAutoStatistic
FN:53,save
FN:58,get
FNF:4
FNH:4
FNDA:1,create
FNDA:2,getAutoStatistic
FNDA:1,save
FNDA:2,get
DA:1,2
DA:3,2
DA:4,2
DA:8,1
DA:10,1
DA:14,2
DA:16,2
DA:30,2
DA:44,2
DA:45,2
DA:47,2
DA:54,1
DA:55,0
DA:59,2
DA:60,2
DA:62,1
DA:66,2
LF:17
LH:16
BRDA:7,0,0,0
BRDA:13,1,0,1
BRDA:13,2,0,1
BRDA:60,3,0,1
BRDA:60,3,1,1
BRF:5
BRH:4
end_of_record
TN:
SF:layers\controllers\Partner.controller.js
FN:7,create
FN:20,get
FNF:2
FNH:2
FNDA:1,create
FNDA:2,get
DA:2,1
DA:3,1
DA:4,1
DA:8,1
DA:10,1
DA:12,1
DA:13,1
DA:15,1
DA:17,1
DA:21,2
DA:22,2
DA:24,1
DA:28,1
LF:13
LH:13
BRDA:22,0,0,1
BRDA:22,0,1,1
BRF:2
BRH:2
end_of_record
TN:
SF:layers\controllers\Payment.controller.js
FN:14,getMinLimit
FN:22,invoiceListByPayment
FN:34,create
FN:53,refresh
FN:64,(anonymous_4)
FN:80,(anonymous_5)
FN:81,(anonymous_6)
FN:152,sendToNcApi
FN:153,(anonymous_8)
FN:170,pushTail
FN:181,closeTail
FN:195,reject
FN:207,freeze
FN:218,unfreeze
FN:230,togglePriority
FN:238,getMaxAvailable
FN:242,(anonymous_16)
FN:243,(anonymous_17)
FN:249,sendProofs
FN:253,(anonymous_19)
FN:267,getBestByEqual
FN:279,getBestByLimits
FN:296,getBest
FN:306,choiceBest
FN:324,getStatistics
FN:367,(anonymous_25)
FN:398,list
FN:414,save
FN:419,get
FN:426,getByUser
FN:436,softGet
FN:443,getList
FNF:32
FNH:15
FNDA:4,getMinLimit
FNDA:4,invoiceListByPayment
FNDA:2,create
FNDA:3,refresh
FNDA:0,(anonymous_4)
FNDA:0,(anonymous_5)
FNDA:0,(anonymous_6)
FNDA:0,sendToNcApi
FNDA:0,(anonymous_8)
FNDA:0,pushTail
FNDA:0,closeTail
FNDA:0,reject
FNDA:0,freeze
FNDA:0,unfreeze
FNDA:0,togglePriority
FNDA:1,getMaxAvailable
FNDA:0,(anonymous_16)
FNDA:0,(anonymous_17)
FNDA:0,sendProofs
FNDA:0,(anonymous_19)
FNDA:1,getBestByEqual
FNDA:1,getBestByLimits
FNDA:1,getBest
FNDA:1,choiceBest
FNDA:1,getStatistics
FNDA:1,(anonymous_25)
FNDA:1,list
FNDA:4,save
FNDA:4,get
FNDA:0,getByUser
FNDA:0,softGet
FNDA:1,getList
DA:1,2
DA:2,2
DA:4,2
DA:5,2
DA:6,2
DA:8,2
DA:9,2
DA:10,2
DA:15,4
DA:16,4
DA:19,0
DA:23,4
DA:24,4
DA:26,4
DA:35,2
DA:36,2
DA:38,1
DA:39,1
DA:41,1
DA:50,1
DA:54,3
DA:56,3
DA:58,3
DA:60,3
DA:61,3
DA:62,3
DA:64,3
DA:65,0
DA:66,0
DA:67,0
DA:68,0
DA:69,0
DA:74,3
DA:76,3
DA:77,3
DA:78,3
DA:80,3
DA:81,3
DA:82,3
DA:84,3
DA:85,3
DA:86,3
DA:88,3
DA:89,3
DA:90,3
DA:92,3
DA:93,1
DA:95,1
DA:98,2
DA:99,0
DA:100,0
DA:104,0
DA:107,2
DA:108,2
DA:109,2
DA:111,2
DA:114,0
DA:115,0
DA:116,0
DA:117,0
DA:119,0
DA:122,0
DA:123,0
DA:124,0
DA:126,0
DA:129,0
DA:130,0
DA:132,0
DA:133,0
DA:134,0
DA:135,0
DA:137,0
DA:142,0
DA:143,0
DA:145,0
DA:147,0
DA:149,0
DA:153,0
DA:154,0
DA:155,0
DA:157,0
DA:158,0
DA:159,0
DA:161,0
DA:164,0
DA:165,0
DA:171,0
DA:173,0
DA:175,0
DA:176,0
DA:178,0
DA:182,0
DA:184,0
DA:185,0
DA:187,0
DA:188,0
DA:190,0
DA:192,0
DA:196,0
DA:198,0
DA:199,0
DA:201,0
DA:203,0
DA:204,0
DA:208,0
DA:210,0
DA:211,0
DA:213,0
DA:215,0
DA:219,0
DA:221,0
DA:223,0
DA:224,0
DA:226,0
DA:227,0
DA:231,0
DA:233,0
DA:235,0
DA:239,1
DA:240,1
DA:242,1
DA:243,1
DA:245,1
DA:246,1
DA:250,0
DA:252,0
DA:253,0
DA:254,0
DA:262,0
DA:268,1
DA:276,1
DA:280,1
DA:287,1
DA:293,1
DA:297,1
DA:298,1
DA:300,1
DA:301,1
DA:303,1
DA:307,1
DA:309,1
DA:310,1
DA:312,0
DA:313,0
DA:314,0
DA:317,0
DA:318,0
DA:325,1
DA:327,1
DA:357,1
DA:358,1
DA:359,1
DA:360,1
DA:361,1
DA:362,1
DA:363,1
DA:364,1
DA:367,1
DA:368,1
DA:369,1
DA:371,1
DA:372,1
DA:373,1
DA:375,1
DA:378,1
DA:379,1
DA:380,1
DA:382,1
DA:399,1
DA:400,1
DA:402,1
DA:404,1
DA:406,1
DA:415,4
DA:416,0
DA:420,4
DA:421,4
DA:423,4
DA:427,0
DA:429,0
DA:430,0
DA:433,0
DA:437,0
DA:438,0
DA:440,0
DA:444,1
DA:445,1
DA:446,1
DA:448,1
DA:451,0
DA:456,2
LF:191
LH:101
BRDA:15,0,0,4
BRDA:15,0,1,0
BRDA:35,1,0,2
BRDA:35,1,1,1
BRDA:36,2,0,1
BRDA:36,2,1,1
BRDA:39,3,0,0
BRDA:39,3,1,1
BRDA:56,4,0,0
BRDA:56,4,1,3
BRDA:65,5,0,0
BRDA:65,5,1,0
BRDA:66,6,0,0
BRDA:66,6,1,0
BRDA:67,7,0,0
BRDA:67,7,1,0
BRDA:74,8,0,3
BRDA:74,8,1,0
BRDA:82,9,0,3
BRDA:82,9,1,3
BRDA:92,10,0,1
BRDA:92,10,1,2
BRDA:98,11,0,0
BRDA:98,11,1,2
BRDA:98,12,0,2
BRDA:98,12,1,2
BRDA:107,13,0,2
BRDA:107,13,1,0
BRDA:107,14,0,2
BRDA:107,14,1,2
BRDA:114,15,0,0
BRDA:114,15,1,0
BRDA:114,16,0,0
BRDA:114,16,1,0
BRDA:122,17,0,0
BRDA:122,17,1,0
BRDA:132,18,0,0
BRDA:132,18,1,0
BRDA:132,19,0,0
BRDA:132,19,1,0
BRDA:147,20,0,0
BRDA:147,20,1,0
BRDA:175,21,0,0
BRDA:175,21,1,0
BRDA:176,22,0,0
BRDA:176,22,1,0
BRDA:176,23,0,0
BRDA:176,23,1,0
BRDA:182,24,0,0
BRDA:182,24,1,0
BRDA:185,25,0,0
BRDA:185,25,1,0
BRDA:198,26,0,0
BRDA:198,26,1,0
BRDA:199,27,0,0
BRDA:199,27,1,0
BRDA:221,28,0,0
BRDA:221,28,1,0
BRDA:255,29,0,0
BRDA:255,29,1,0
BRDA:276,30,0,0
BRDA:276,30,1,1
BRDA:293,31,0,0
BRDA:293,31,1,1
BRDA:298,32,0,0
BRDA:298,32,1,1
BRDA:301,33,0,0
BRDA:301,33,1,1
BRDA:306,34,0,1
BRDA:307,35,0,0
BRDA:307,35,1,1
BRDA:310,36,0,1
BRDA:310,36,1,0
BRDA:324,37,0,0
BRDA:324,38,0,0
BRDA:324,39,0,1
BRDA:324,40,0,1
BRDA:325,41,0,0
BRDA:325,41,1,1
BRDA:325,42,0,1
BRDA:325,42,1,0
BRDA:378,43,0,1
BRDA:378,43,1,0
BRDA:379,44,0,1
BRDA:379,44,1,0
BRDA:380,45,0,1
BRDA:380,45,1,0
BRDA:402,46,0,0
BRDA:402,46,1,1
BRDA:402,47,0,1
BRDA:402,47,1,1
BRDA:407,48,0,1
BRDA:407,48,1,0
BRDA:408,49,0,1
BRDA:408,49,1,0
BRDA:421,50,0,0
BRDA:421,50,1,4
BRDA:429,51,0,0
BRDA:429,51,1,0
BRDA:430,52,0,0
BRDA:430,52,1,0
BRDA:438,53,0,0
BRDA:438,53,1,0
BRDA:443,54,0,0
BRDA:443,55,0,0
BRDA:443,56,0,0
BRDA:443,57,0,0
BRF:107
BRH:38
end_of_record
TN:
SF:layers\controllers\Proof.controller.js
FN:19,getNumberByKvit
FN:31,createByNumber
FN:84,createByFile
FN:141,verify
FN:194,complite
FN:230,gpt
FN:261,decline
FN:270,manual
FN:280,approve
FN:298,recheck
FN:327,list
FN:343,save
FN:348,get
FN:355,getList
FNF:14
FNH:7
FNDA:2,getNumberByKvit
FNDA:4,createByNumber
FNDA:3,createByFile
FNDA:3,verify
FNDA:0,complite
FNDA:3,gpt
FNDA:0,decline
FNDA:0,manual
FNDA:0,approve
FNDA:0,recheck
FNDA:0,list
FNDA:3,save
FNDA:6,get
FNDA:0,getList
DA:1,1
DA:3,1
DA:4,1
DA:5,1
DA:7,1
DA:8,1
DA:9,1
DA:10,1
DA:14,1
DA:20,2
DA:21,2
DA:23,2
DA:24,1
DA:26,0
DA:32,4
DA:34,3
DA:35,3
DA:37,2
DA:39,2
DA:40,2
DA:42,1
DA:46,1
DA:47,1
DA:50,0
DA:53,1
DA:76,1
DA:78,1
DA:79,1
DA:81,1
DA:85,3
DA:87,2
DA:88,2
DA:90,2
DA:91,2
DA:93,2
DA:94,2
DA:96,2
DA:97,2
DA:101,2
DA:102,0
DA:105,2
DA:108,2
DA:133,2
DA:135,2
DA:136,2
DA:138,2
DA:142,3
DA:143,0
DA:145,0
DA:147,0
DA:148,0
DA:150,0
DA:151,0
DA:153,0
DA:155,0
DA:157,0
DA:158,0
DA:159,0
DA:161,0
DA:163,0
DA:165,0
DA:167,0
DA:168,0
DA:169,0
DA:173,0
DA:175,0
DA:177,0
DA:179,0
DA:180,0
DA:181,0
DA:185,0
DA:186,0
DA:187,0
DA:189,0
DA:191,0
DA:195,0
DA:196,0
DA:198,0
DA:199,0
DA:201,0
DA:202,0
DA:203,0
DA:205,0
DA:206,0
DA:208,0
DA:209,0
DA:210,0
DA:211,0
DA:215,0
DA:221,0
DA:223,0
DA:225,0
DA:227,0
DA:231,3
DA:233,3
DA:234,0
DA:236,0
DA:237,0
DA:239,0
DA:240,0
DA:242,0
DA:244,0
DA:245,0
DA:247,0
DA:249,0
DA:250,0
DA:251,0
DA:252,0
DA:254,0
DA:255,0
DA:262,0
DA:263,0
DA:265,0
DA:267,0
DA:271,0
DA:272,0
DA:274,0
DA:275,0
DA:277,0
DA:281,0
DA:282,0
DA:284,0
DA:285,0
DA:287,0
DA:293,0
DA:295,0
DA:299,0
DA:301,0
DA:302,0
DA:304,0
DA:305,0
DA:307,0
DA:313,0
DA:315,0
DA:316,0
DA:318,0
DA:320,0
DA:322,0
DA:328,0
DA:329,0
DA:331,0
DA:332,0
DA:334,0
DA:344,3
DA:345,0
DA:349,6
DA:350,0
DA:352,0
DA:356,0
DA:357,0
DA:358,0
DA:360,0
DA:363,0
DA:368,1
LF:154
LH:49
BRDA:20,0,0,0
BRDA:20,0,1,2
BRDA:23,1,0,1
BRDA:23,1,1,1
BRDA:24,2,0,1
BRDA:24,2,1,0
BRDA:32,3,0,1
BRDA:32,3,1,3
BRDA:35,4,0,1
BRDA:35,4,1,2
BRDA:40,5,0,1
BRDA:40,5,1,1
BRDA:46,6,0,1
BRDA:46,6,1,0
BRDA:47,7,0,1
BRDA:47,7,1,0
BRDA:84,8,0,0
BRDA:85,9,0,1
BRDA:85,9,1,2
BRDA:88,10,0,0
BRDA:88,10,1,2
BRDA:91,11,0,0
BRDA:91,11,1,2
BRDA:94,12,0,2
BRDA:94,12,1,0
BRDA:101,13,0,0
BRDA:101,13,1,2
BRDA:102,14,0,0
BRDA:102,14,1,0
BRDA:143,15,0,0
BRDA:143,15,1,0
BRDA:148,16,0,0
BRDA:148,16,1,0
BRDA:151,17,0,0
BRDA:151,17,1,0
BRDA:163,18,0,0
BRDA:163,18,1,0
BRDA:167,19,0,0
BRDA:167,19,1,0
BRDA:173,20,0,0
BRDA:173,20,1,0
BRDA:179,21,0,0
BRDA:179,21,1,0
BRDA:186,22,0,0
BRDA:186,22,1,0
BRDA:198,23,0,0
BRDA:198,23,1,0
BRDA:198,24,0,0
BRDA:198,24,1,0
BRDA:199,25,0,0
BRDA:199,25,1,0
BRDA:199,26,0,0
BRDA:199,26,1,0
BRDA:205,27,0,0
BRDA:205,27,1,0
BRDA:208,28,0,0
BRDA:208,28,1,0
BRDA:209,29,0,0
BRDA:209,29,1,0
BRDA:210,30,0,0
BRDA:210,30,1,0
BRDA:211,31,0,0
BRDA:211,31,1,0
BRDA:221,32,0,0
BRDA:221,32,1,0
BRDA:237,33,0,0
BRDA:237,33,1,0
BRDA:244,34,0,0
BRDA:244,34,1,0
BRDA:245,35,0,0
BRDA:245,35,1,0
BRDA:247,36,0,0
BRDA:247,36,1,0
BRDA:263,37,0,0
BRDA:263,37,1,0
BRDA:272,38,0,0
BRDA:272,38,1,0
BRDA:274,39,0,0
BRDA:274,39,1,0
BRDA:275,40,0,0
BRDA:275,40,1,0
BRDA:282,41,0,0
BRDA:282,41,1,0
BRDA:285,42,0,0
BRDA:285,42,1,0
BRDA:293,43,0,0
BRDA:293,43,1,0
BRDA:301,44,0,0
BRDA:301,44,1,0
BRDA:302,45,0,0
BRDA:302,45,1,0
BRDA:305,46,0,0
BRDA:305,46,1,0
BRDA:313,47,0,0
BRDA:313,47,1,0
BRDA:331,48,0,0
BRDA:331,48,1,0
BRDA:331,49,0,0
BRDA:331,49,1,0
BRDA:335,50,0,0
BRDA:335,50,1,0
BRDA:336,51,0,0
BRDA:336,51,1,0
BRDA:350,52,0,0
BRDA:350,52,1,0
BRDA:355,53,0,0
BRDA:355,54,0,0
BRDA:355,55,0,0
BRDA:355,56,0,0
BRF:109
BRH:18
end_of_record
TN:
SF:layers\controllers\Task.controller.js
FN:7,handleTask
FN:18,handle
FN:26,load
FN:31,(anonymous_3)
FN:36,push
FN:43,query
FN:45,(anonymous_6)
FNF:7
FNH:4
FNDA:0,handleTask
FNDA:0,handle
FNDA:3,load
FNDA:0,(anonymous_3)
FNDA:1,push
FNDA:1,query
FNDA:2,(anonymous_6)
DA:1,1
DA:2,1
DA:3,1
DA:4,1
DA:8,0
DA:9,0
DA:10,0
DA:12,0
DA:13,0
DA:19,0
DA:20,0
DA:22,0
DA:23,0
DA:27,3
DA:29,3
DA:30,3
DA:31,3
DA:33,0
DA:37,1
DA:38,1
DA:40,1
DA:44,1
DA:45,2
DA:49,1
LF:24
LH:14
BRDA:8,0,0,0
BRDA:8,0,1,0
BRDA:12,1,0,0
BRDA:12,1,1,0
BRDA:30,2,0,0
BRDA:30,2,1,3
BRF:6
BRH:1
end_of_record
TN:
SF:layers\controllers\User.controller.js
FN:9,create
FN:20,verify
FN:30,twoFA
FN:38,twoFAVerify
FN:52,save
FN:57,get
FNF:6
FNH:6
FNDA:2,create
FNDA:3,verify
FNDA:1,twoFA
FNDA:2,twoFAVerify
FNDA:3,save
FNDA:5,get
DA:1,1
DA:2,1
DA:4,1
DA:6,1
DA:10,2
DA:11,2
DA:13,1
DA:15,1
DA:17,1
DA:21,3
DA:22,3
DA:24,2
DA:25,2
DA:27,1
DA:31,1
DA:33,1
DA:35,1
DA:39,2
DA:40,2
DA:42,1
DA:44,1
DA:45,1
DA:53,3
DA:54,0
DA:58,5
DA:59,5
DA:61,4
DA:65,1
LF:28
LH:27
BRDA:11,0,0,1
BRDA:11,0,1,1
BRDA:22,1,0,1
BRDA:22,1,1,2
BRDA:25,2,0,1
BRDA:25,2,1,1
BRDA:40,3,0,1
BRDA:40,3,1,1
BRDA:59,4,0,1
BRDA:59,4,1,4
BRF:10
BRH:10
end_of_record
TN:
SF:layers\filters\Invoice.filters.js
FN:4,get
FN:57,admin
FNF:2
FNH:2
FNDA:5,get
FNDA:5,admin
DA:1,1
DA:5,5
DA:7,5
DA:9,5
DA:10,2
DA:11,2
DA:12,2
DA:15,5
DA:16,5
DA:17,5
DA:19,5
DA:20,0
DA:22,0
DA:23,0
DA:30,0
DA:33,0
DA:36,5
DA:37,5
DA:38,1
DA:40,1
DA:41,1
DA:43,1
DA:45,5
DA:46,0
DA:48,0
DA:49,0
DA:51,0
DA:54,5
DA:57,5
DA:60,1
LF:30
LH:21
BRDA:4,0,0,5
BRDA:9,1,0,2
BRDA:9,1,1,3
BRDA:11,2,0,1
BRDA:11,2,1,1
BRDA:15,3,0,1
BRDA:15,3,1,4
BRDA:16,4,0,1
BRDA:16,4,1,4
BRDA:17,5,0,1
BRDA:17,5,1,4
BRDA:19,6,0,0
BRDA:19,6,1,5
BRDA:22,7,0,0
BRDA:22,7,1,0
BRDA:36,8,0,0
BRDA:36,8,1,5
BRDA:37,9,0,1
BRDA:37,9,1,4
BRDA:37,10,0,5
BRDA:37,10,1,4
BRDA:40,11,0,1
BRDA:40,11,1,0
BRDA:41,12,0,1
BRDA:41,12,1,0
BRDA:45,13,0,0
BRDA:45,13,1,5
BRDA:45,14,0,5
BRDA:45,14,1,5
BRDA:48,15,0,0
BRDA:48,15,1,0
BRDA:49,16,0,0
BRDA:49,16,1,0
BRF:33
BRH:22
end_of_record
TN:
SF:layers\filters\Payment.filters.js
FN:4,get
FN:48,admin
FNF:2
FNH:0
FNDA:0,get
FNDA:0,admin
DA:1,0
DA:5,0
DA:7,0
DA:9,0
DA:10,0
DA:11,0
DA:12,0
DA:15,0
DA:16,0
DA:18,0
DA:19,0
DA:20,0
DA:21,0
DA:23,0
DA:24,0
DA:26,0
DA:28,0
DA:29,0
DA:31,0
DA:32,0
DA:34,0
DA:36,0
DA:37,0
DA:39,0
DA:40,0
DA:42,0
DA:45,0
DA:48,0
DA:51,0
LF:29
LH:0
BRDA:4,0,0,0
BRDA:9,1,0,0
BRDA:9,1,1,0
BRDA:11,2,0,0
BRDA:11,2,1,0
BRDA:15,3,0,0
BRDA:15,3,1,0
BRDA:16,4,0,0
BRDA:16,4,1,0
BRDA:18,5,0,0
BRDA:18,5,1,0
BRDA:19,6,0,0
BRDA:19,6,1,0
BRDA:20,7,0,0
BRDA:20,7,1,0
BRDA:20,8,0,0
BRDA:20,8,1,0
BRDA:23,9,0,0
BRDA:23,9,1,0
BRDA:24,10,0,0
BRDA:24,10,1,0
BRDA:28,11,0,0
BRDA:28,11,1,0
BRDA:28,12,0,0
BRDA:28,12,1,0
BRDA:31,13,0,0
BRDA:31,13,1,0
BRDA:32,14,0,0
BRDA:32,14,1,0
BRDA:36,15,0,0
BRDA:36,15,1,0
BRDA:36,16,0,0
BRDA:36,16,1,0
BRDA:39,17,0,0
BRDA:39,17,1,0
BRDA:40,18,0,0
BRDA:40,18,1,0
BRF:37
BRH:0
end_of_record
TN:
SF:layers\filters\Proof.filters.js
FN:3,get
FN:55,admin
FNF:2
FNH:0
FNDA:0,get
FNDA:0,admin
DA:1,0
DA:4,0
DA:6,0
DA:8,0
DA:10,0
DA:12,0
DA:13,0
DA:14,0
DA:15,0
DA:21,0
DA:24,0
DA:25,0
DA:26,0
DA:27,0
DA:34,0
DA:37,0
DA:40,0
DA:41,0
DA:43,0
DA:44,0
DA:46,0
DA:47,0
DA:49,0
DA:52,0
DA:55,0
DA:58,0
LF:26
LH:0
BRDA:3,0,0,0
BRDA:8,1,0,0
BRDA:8,1,1,0
BRDA:10,2,0,0
BRDA:10,2,1,0
BRDA:12,3,0,0
BRDA:12,3,1,0
BRDA:14,4,0,0
BRDA:14,4,1,0
BRDA:24,5,0,0
BRDA:24,5,1,0
BRDA:26,6,0,0
BRDA:26,6,1,0
BRDA:40,7,0,0
BRDA:40,7,1,0
BRDA:41,8,0,0
BRDA:41,8,1,0
BRDA:43,9,0,0
BRDA:43,9,1,0
BRDA:43,10,0,0
BRDA:43,10,1,0
BRDA:46,11,0,0
BRDA:46,11,1,0
BRDA:47,12,0,0
BRDA:47,12,1,0
BRF:25
BRH:0
end_of_record
TN:
SF:layers\models\Admin.model.js
FNF:0
FNH:0
DA:1,0
DA:3,0
DA:11,0
LF:3
LH:0
BRF:0
BRH:0
end_of_record
TN:
SF:layers\models\BlackList.model.js
FN:12,(anonymous_0)
FNF:1
FNH:0
FNDA:0,(anonymous_0)
DA:1,0
DA:4,0
DA:12,0
DA:16,0
LF:4
LH:0
BRF:0
BRH:0
end_of_record
TN:
SF:layers\models\Invoice.model.js
FN:34,(anonymous_0)
FNF:1
FNH:0
FNDA:0,(anonymous_0)
DA:1,1
DA:2,1
DA:5,1
DA:34,0
DA:37,1
LF:5
LH:4
BRF:0
BRH:0
end_of_record
TN:
SF:layers\models\Log.model.js
FN:17,(anonymous_0)
FNF:1
FNH:0
FNDA:0,(anonymous_0)
DA:1,1
DA:4,1
DA:17,0
DA:20,1
LF:4
LH:3
BRF:0
BRH:0
end_of_record
TN:
SF:layers\models\Partner.model.js
FNF:0
FNH:0
DA:1,0
DA:3,0
DA:11,0
LF:3
LH:0
BRF:0
BRH:0
end_of_record
TN:
SF:layers\models\Payment.model.js
FN:39,(anonymous_0)
FNF:1
FNH:0
FNDA:0,(anonymous_0)
DA:1,1
DA:2,1
DA:5,1
DA:39,0
DA:42,1
LF:5
LH:4
BRF:0
BRH:0
end_of_record
TN:
SF:layers\models\Proof.model.js
FN:46,(anonymous_0)
FNF:1
FNH:0
FNDA:0,(anonymous_0)
DA:1,4
DA:2,4
DA:3,4
DA:6,4
DA:46,0
DA:49,4
LF:6
LH:5
BRF:0
BRH:0
end_of_record
TN:
SF:layers\models\Task.model.js
FNF:0
FNH:0
DA:1,0
DA:3,0
DA:9,0
LF:3
LH:0
BRF:0
BRH:0
end_of_record
TN:
SF:layers\models\User.model.js
FNF:0
FNH:0
DA:1,0
DA:2,0
DA:5,0
DA:16,0
LF:4
LH:0
BRF:0
BRH:0
end_of_record
TN:
SF:middleware\access.middleware.js
FN:11,(anonymous_0)
FN:48,(anonymous_1)
FN:49,(anonymous_2)
FNF:3
FNH:3
FNDA:5,(anonymous_0)
FNDA:2,(anonymous_1)
FNDA:2,(anonymous_2)
DA:1,1
DA:2,1
DA:3,1
DA:4,1
DA:5,1
DA:6,1
DA:7,1
DA:8,1
DA:11,1
DA:12,5
DA:14,5
DA:15,5
DA:17,5
DA:19,5
DA:21,5
DA:22,5
DA:24,5
DA:26,3
DA:27,3
DA:28,2
DA:29,2
DA:31,2
DA:34,2
DA:36,2
DA:37,2
DA:39,2
DA:40,2
DA:42,2
DA:43,2
DA:45,2
DA:48,2
DA:49,2
DA:52,1
LF:33
LH:33
BRDA:21,0,0,2
BRDA:21,0,1,3
BRDA:22,1,0,2
BRDA:22,1,1,3
BRDA:24,2,0,2
BRDA:24,2,1,3
BRDA:27,3,0,2
BRDA:27,3,1,1
BRDA:28,4,0,2
BRDA:28,4,1,0
BRDA:31,5,0,1
BRDA:31,5,1,1
BRDA:43,6,0,0
BRDA:43,6,1,2
BRDA:48,7,0,1
BRDA:48,7,1,1
BRDA:49,8,0,1
BRDA:49,8,1,1
BRF:18
BRH:16
end_of_record
TN:
SF:middleware\auth.middleware.js
FN:11,(anonymous_0)
FN:22,(anonymous_1)
FN:26,(anonymous_2)
FN:30,(anonymous_3)
FNF:4
FNH:4
FNDA:4,(anonymous_0)
FNDA:2,(anonymous_1)
FNDA:3,(anonymous_2)
FNDA:3,(anonymous_3)
DA:1,1
DA:3,1
DA:4,1
DA:5,1
DA:6,1
DA:8,1
DA:11,1
DA:12,4
DA:13,4
DA:15,3
DA:16,3
DA:17,2
DA:19,2
DA:22,1
DA:23,2
DA:26,1
DA:27,3
DA:30,1
DA:31,3
DA:35,1
LF:20
LH:20
BRDA:13,0,0,1
BRDA:13,0,1,3
BRDA:23,1,0,1
BRDA:23,1,1,1
BRDA:27,2,0,1
BRDA:27,2,1,2
BRDA:27,3,0,3
BRDA:27,3,1,2
BRDA:31,4,0,1
BRDA:31,4,1,2
BRDA:31,5,0,3
BRDA:31,5,1,2
BRF:12
BRH:12
end_of_record
TN:
SF:middleware\file.middleware.js
FN:5,(anonymous_0)
FN:6,(anonymous_1)
FN:16,(anonymous_2)
FNF:3
FNH:3
FNDA:1,(anonymous_0)
FNDA:1,(anonymous_1)
FNDA:5,(anonymous_2)
DA:1,1
DA:4,1
DA:5,1
DA:7,1
DA:8,1
DA:10,1
DA:14,1
DA:16,1
DA:17,5
DA:18,2
DA:22,1
LF:11
LH:11
BRDA:17,0,0,3
BRDA:17,0,1,2
BRF:2
BRH:2
end_of_record
TN:
SF:middleware\logger.middleware.js
FN:4,logger
FN:18,(anonymous_1)
FNF:2
FNH:2
FNDA:4,logger
FNDA:4,(anonymous_1)
DA:1,1
DA:5,4
DA:6,4
DA:7,4
DA:9,4
DA:16,4
DA:18,4
DA:19,4
DA:20,4
DA:21,4
DA:22,2
DA:23,2
DA:25,2
DA:28,3
DA:31,4
DA:34,4
DA:38,1
LF:17
LH:17
BRDA:23,0,0,2
BRDA:23,0,1,0
BRDA:25,1,0,1
BRDA:25,1,1,1
BRF:4
BRH:3
end_of_record
TN:
SF:routes\Admin.route.js
FN:12,(anonymous_0)
FN:18,(anonymous_1)
FN:26,(anonymous_2)
FNF:3
FNH:3
FNDA:1,(anonymous_0)
FNDA:1,(anonymous_1)
FNDA:1,(anonymous_2)
DA:1,1
DA:2,1
DA:3,1
DA:5,1
DA:6,1
DA:9,1
DA:12,1
DA:13,1
DA:15,1
DA:18,1
DA:19,1
DA:21,1
DA:23,1
DA:26,1
DA:27,1
DA:29,1
DA:31,1
DA:35,1
LF:18
LH:18
BRF:0
BRH:0
end_of_record
TN:
SF:routes\Invoice.routes.js
FN:22,(anonymous_0)
FN:35,(anonymous_1)
FN:45,(anonymous_2)
FN:56,(anonymous_3)
FN:66,(anonymous_4)
FN:76,(anonymous_5)
FN:86,(anonymous_6)
FN:99,(anonymous_7)
FN:105,(anonymous_8)
FNF:9
FNH:9
FNDA:1,(anonymous_0)
FNDA:1,(anonymous_1)
FNDA:1,(anonymous_2)
FNDA:1,(anonymous_3)
FNDA:1,(anonymous_4)
FNDA:1,(anonymous_5)
FNDA:1,(anonymous_6)
FNDA:1,(anonymous_7)
FNDA:2,(anonymous_8)
DA:2,1
DA:3,1
DA:4,1
DA:5,1
DA:6,1
DA:7,1
DA:9,1
DA:10,1
DA:11,1
DA:12,1
DA:13,1
DA:15,1
DA:16,1
DA:18,1
DA:21,1
DA:23,1
DA:25,1
DA:26,1
DA:28,1
DA:30,1
DA:34,1
DA:36,1
DA:38,1
DA:40,1
DA:44,1
DA:46,1
DA:48,1
DA:49,1
DA:51,1
DA:55,1
DA:57,1
DA:59,1
DA:61,1
DA:65,1
DA:67,1
DA:69,1
DA:71,1
DA:75,1
DA:77,1
DA:79,1
DA:81,1
DA:85,1
DA:87,1
DA:89,1
DA:90,1
DA:92,1
DA:94,1
DA:98,1
DA:100,1
DA:102,1
DA:104,1
DA:105,2
DA:110,1
LF:53
LH:53
BRDA:89,0,0,1
BRDA:89,0,1,0
BRDA:90,1,0,1
BRDA:90,1,1,0
BRF:4
BRH:2
end_of_record
TN:
SF:routes\Payment.routes.js
FN:22,(anonymous_0)
FN:32,(anonymous_1)
FN:42,(anonymous_2)
FN:50,(anonymous_3)
FN:58,(anonymous_4)
FN:68,(anonymous_5)
FN:76,(anonymous_6)
FN:84,(anonymous_7)
FN:92,(anonymous_8)
FN:100,(anonymous_9)
FN:109,(anonymous_10)
FN:122,(anonymous_11)
FN:137,(anonymous_12)
FN:142,(anonymous_13)
FNF:14
FNH:14
FNDA:2,(anonymous_0)
FNDA:1,(anonymous_1)
FNDA:1,(anonymous_2)
FNDA:1,(anonymous_3)
FNDA:1,(anonymous_4)
FNDA:1,(anonymous_5)
FNDA:1,(anonymous_6)
FNDA:1,(anonymous_7)
FNDA:1,(anonymous_8)
FNDA:1,(anonymous_9)
FNDA:1,(anonymous_10)
FNDA:1,(anonymous_11)
FNDA:1,(anonymous_12)
FNDA:2,(anonymous_13)
DA:2,1
DA:3,1
DA:4,1
DA:5,1
DA:6,1
DA:8,1
DA:9,1
DA:10,1
DA:12,1
DA:13,1
DA:15,1
DA:18,1
DA:21,1
DA:23,2
DA:24,2
DA:26,1
DA:27,1
DA:31,1
DA:33,1
DA:34,1
DA:36,1
DA:37,1
DA:41,1
DA:43,1
DA:45,1
DA:49,1
DA:51,1
DA:53,1
DA:57,1
DA:59,1
DA:61,1
DA:63,1
DA:67,1
DA:69,1
DA:71,1
DA:75,1
DA:77,1
DA:79,1
DA:83,1
DA:85,1
DA:87,1
DA:91,1
DA:93,1
DA:95,1
DA:99,1
DA:101,1
DA:103,1
DA:104,1
DA:108,1
DA:110,1
DA:112,1
DA:113,1
DA:115,1
DA:117,1
DA:121,1
DA:123,1
DA:124,1
DA:126,1
DA:128,0
DA:129,0
DA:132,1
DA:136,1
DA:138,1
DA:139,1
DA:141,1
DA:142,2
DA:147,1
LF:67
LH:65
BRDA:24,0,0,1
BRDA:24,0,1,1
BRDA:34,1,0,0
BRDA:34,1,1,1
BRDA:112,2,0,1
BRDA:112,2,1,0
BRDA:113,3,0,1
BRDA:113,3,1,0
BRF:8
BRH:5
end_of_record
TN:
SF:routes\Proof.routes.js
FN:20,(anonymous_0)
FN:34,(anonymous_1)
FN:45,(anonymous_2)
FN:53,(anonymous_3)
FN:64,(anonymous_4)
FN:72,(anonymous_5)
FN:83,(anonymous_6)
FN:89,(anonymous_7)
FNF:8
FNH:8
FNDA:2,(anonymous_0)
FNDA:1,(anonymous_1)
FNDA:1,(anonymous_2)
FNDA:2,(anonymous_3)
FNDA:1,(anonymous_4)
FNDA:2,(anonymous_5)
FNDA:1,(anonymous_6)
FNDA:2,(anonymous_7)
DA:2,1
DA:3,1
DA:4,1
DA:6,1
DA:7,1
DA:8,1
DA:9,1
DA:10,1
DA:12,1
DA:13,1
DA:16,1
DA:19,1
DA:21,2
DA:22,2
DA:25,2
DA:27,1
DA:29,1
DA:33,1
DA:35,1
DA:36,1
DA:38,1
DA:40,1
DA:44,1
DA:46,1
DA:48,1
DA:52,1
DA:54,2
DA:55,2
DA:57,1
DA:59,1
DA:63,1
DA:65,1
DA:67,1
DA:71,1
DA:73,2
DA:74,2
DA:76,1
DA:78,1
DA:82,1
DA:84,1
DA:86,1
DA:88,1
DA:89,2
DA:94,1
LF:44
LH:44
BRDA:25,0,0,1
BRDA:25,0,1,1
BRDA:55,1,0,1
BRDA:55,1,1,1
BRDA:74,2,0,1
BRDA:74,2,1,1
BRF:6
BRH:6
end_of_record
TN:
SF:routes\User.routes.js
FN:19,(anonymous_0)
FN:29,(anonymous_1)
FN:40,(anonymous_2)
FN:53,(anonymous_3)
FNF:4
FNH:4
FNDA:1,(anonymous_0)
FNDA:1,(anonymous_1)
FNDA:1,(anonymous_2)
FNDA:1,(anonymous_3)
DA:2,1
DA:3,1
DA:4,1
DA:6,1
DA:7,1
DA:8,1
DA:10,1
DA:11,1
DA:12,1
DA:15,1
DA:18,1
DA:20,1
DA:22,1
DA:24,1
DA:28,1
DA:30,1
DA:32,1
DA:33,1
DA:35,1
DA:39,1
DA:41,1
DA:43,1
DA:44,1
DA:46,1
DA:48,1
DA:52,1
DA:54,1
DA:56,1
DA:57,1
DA:59,1
DA:61,1
DA:66,1
LF:32
LH:32
BRDA:56,0,0,1
BRDA:56,0,1,0
BRDA:57,1,0,1
BRDA:57,1,1,0
BRF:4
BRH:2
end_of_record
TN:
SF:utils\DropBox.js
FN:8,getAccessToken
FN:34,uploadFile
FN:57,getSharedLink
FN:81,saveKvit
FNF:4
FNH:4
FNDA:8,getAccessToken
FNDA:4,uploadFile
FNDA:4,getSharedLink
FNDA:4,saveKvit
DA:1,1
DA:2,1
DA:3,1
DA:5,1
DA:9,8
DA:10,8
DA:21,6
DA:22,4
DA:24,3
DA:27,4
DA:28,4
DA:30,4
DA:35,4
DA:36,4
DA:38,2
DA:39,2
DA:41,1
DA:43,1
DA:53,1
DA:54,1
DA:58,4
DA:59,4
DA:61,1
DA:77,1
DA:78,1
DA:82,4
DA:83,4
DA:84,4
DA:86,4
DA:87,4
DA:89,4
DA:92,0
DA:93,0
DA:98,1
LF:34
LH:32
BRDA:22,0,0,1
BRDA:22,0,1,3
BRDA:36,1,0,2
BRDA:36,1,1,2
BRDA:39,2,0,1
BRDA:39,2,1,1
BRDA:59,3,0,3
BRDA:59,3,1,1
BRF:8
BRH:8
end_of_record
TN:
SF:utils\Jwt.utils.js
FN:6,(anonymous_0)
FN:12,(anonymous_1)
FN:18,(anonymous_2)
FNF:3
FNH:3
FNDA:1,(anonymous_0)
FNDA:1,(anonymous_1)
FNDA:2,(anonymous_2)
DA:1,2
DA:3,2
DA:6,2
DA:7,1
DA:9,1
DA:12,2
DA:13,1
DA:15,1
DA:18,2
DA:19,2
DA:21,2
DA:22,2
DA:23,1
DA:25,1
DA:28,2
LF:15
LH:15
BRF:0
BRH:0
end_of_record
TN:
SF:utils\Kvits.utils.js
FN:8,(anonymous_0)
FN:42,(anonymous_1)
FN:43,(anonymous_2)
FN:45,(anonymous_3)
FNF:4
FNH:4
FNDA:5,(anonymous_0)
FNDA:3,(anonymous_1)
FNDA:2,(anonymous_2)
FNDA:3,(anonymous_3)
DA:1,2
DA:2,2
DA:3,2
DA:5,2
DA:8,2
DA:9,5
DA:11,5
DA:12,5
DA:18,4
DA:19,4
DA:21,4
DA:23,4
DA:24,4
DA:26,4
DA:28,4
DA:31,1
DA:33,1
DA:34,1
DA:36,1
DA:38,1
DA:42,3
DA:43,2
DA:45,2
DA:46,3
DA:47,2
DA:49,1
DA:52,2
LF:27
LH:27
BRDA:21,0,0,3
BRDA:21,0,1,1
BRDA:24,1,0,3
BRDA:24,1,1,1
BRDA:24,2,0,4
BRDA:24,2,1,3
BRDA:24,2,2,3
BRDA:46,3,0,1
BRDA:46,3,1,2
BRDA:47,4,0,1
BRDA:47,4,1,1
BRF:11
BRH:11
end_of_record
TN:
SF:utils\NcApi.js
FN:7,(anonymous_0)
FN:7,(anonymous_1)
FN:12,(anonymous_2)
FN:25,(anonymous_3)
FN:25,(anonymous_4)
FNF:5
FNH:3
FNDA:3,(anonymous_0)
FNDA:0,(anonymous_1)
FNDA:1,(anonymous_2)
FNDA:2,(anonymous_3)
FNDA:0,(anonymous_4)
DA:1,2
DA:2,2
DA:4,2
DA:7,2
DA:8,3
DA:9,3
DA:10,3
DA:12,3
DA:13,1
DA:15,1
DA:16,1
DA:20,1
DA:21,1
DA:25,2
DA:26,2
DA:27,2
DA:28,2
DA:30,2
DA:33,2
DA:34,2
DA:36,2
DA:40,2
LF:22
LH:22
BRDA:7,0,0,3
BRDA:7,1,0,3
BRDA:25,2,0,1
BRF:3
BRH:3
end_of_record
TN:
SF:utils\NcPay.js
FN:7,(anonymous_0)
FN:7,(anonymous_1)
FNF:2
FNH:1
FNDA:2,(anonymous_0)
FNDA:0,(anonymous_1)
DA:1,2
DA:2,2
DA:4,2
DA:7,2
DA:8,2
DA:9,2
DA:10,2
DA:12,2
DA:13,2
DA:15,2
DA:18,1
DA:20,1
DA:25,2
LF:13
LH:13
BRDA:7,0,0,0
BRF:1
BRH:0
end_of_record
TN:
SF:utils\auth.utils.js
FN:8,create
FN:20,createAdmin
FN:21,createPartner
FNF:3
FNH:3
FNDA:2,create
FNDA:1,createAdmin
FNDA:1,createPartner
DA:1,1
DA:2,1
DA:4,1
DA:5,1
DA:9,2
DA:10,2
DA:12,2
DA:14,2
DA:15,2
DA:17,2
DA:20,1
DA:21,1
DA:24,1
LF:13
LH:13
BRF:0
BRH:0
end_of_record
TN:
SF:utils\gpt.utils.js
FN:42,encodeImageToBase64
FN:49,getData
FN:73,getImageData
FN:88,getPdfData
FNF:4
FNH:4
FNDA:2,encodeImageToBase64
FNDA:5,getData
FNDA:2,getImageData
FNDA:2,getPdfData
DA:1,2
DA:2,2
DA:3,2
DA:5,2
DA:6,2
DA:9,2
DA:43,2
DA:45,2
DA:46,2
DA:50,5
DA:51,5
DA:52,5
DA:54,5
DA:61,4
DA:62,4
DA:64,1
DA:67,1
DA:69,1
DA:74,2
DA:75,2
DA:77,1
DA:85,1
DA:89,2
DA:90,2
DA:92,1
DA:97,1
DA:101,2
LF:27
LH:27
BRDA:62,0,0,3
BRDA:62,0,1,1
BRDA:75,1,0,1
BRDA:75,1,1,1
BRDA:90,2,0,1
BRDA:90,2,1,1
BRF:6
BRH:6
end_of_record
TN:
SF:utils\pdf.utils.js
FN:7,(anonymous_0)
FN:20,(anonymous_1)
FN:33,(anonymous_2)
FN:43,(anonymous_3)
FNF:4
FNH:4
FNDA:2,(anonymous_0)
FNDA:2,(anonymous_1)
FNDA:3,(anonymous_2)
FNDA:10,(anonymous_3)
DA:1,1
DA:2,1
DA:3,1
DA:4,1
DA:7,1
DA:8,2
DA:9,2
DA:11,2
DA:12,2
DA:14,2
DA:15,1
DA:17,0
DA:20,1
DA:21,2
DA:22,2
DA:24,2
DA:25,2
DA:27,2
DA:28,1
DA:30,0
DA:33,1
DA:34,3
DA:35,3
DA:37,3
DA:38,2
DA:40,0
DA:43,1
DA:44,10
DA:45,10
DA:46,10
DA:48,8
DA:50,8
DA:51,8
DA:53,1
DA:57,1
LF:35
LH:32
BRDA:14,0,0,1
BRDA:14,0,1,1
BRDA:27,1,0,1
BRDA:27,1,1,1
BRDA:37,2,0,1
BRDA:37,2,1,2
BRDA:38,3,0,1
BRDA:38,3,1,1
BRDA:46,4,0,1
BRDA:46,4,1,8
BRF:10
BRH:10
end_of_record
TN:
SF:utils\request.js
FN:7,(anonymous_0)
FN:14,(anonymous_1)
FN:14,(anonymous_2)
FN:23,(anonymous_3)
FN:26,(anonymous_4)
FN:26,(anonymous_5)
FN:35,(anonymous_6)
FNF:7
FNH:5
FNDA:2,(anonymous_0)
FNDA:1,(anonymous_1)
FNDA:0,(anonymous_2)
FNDA:1,(anonymous_3)
FNDA:1,(anonymous_4)
FNDA:0,(anonymous_5)
FNDA:1,(anonymous_6)
DA:1,2
DA:2,2
DA:4,2
DA:7,2
DA:8,2
DA:9,2
DA:11,2
DA:14,2
DA:15,1
DA:16,1
DA:18,1
DA:19,1
DA:21,1
DA:23,1
DA:26,2
DA:27,1
DA:28,1
DA:30,1
DA:31,1
DA:33,1
DA:35,1
DA:36,1
DA:38,1
DA:43,2
LF:24
LH:24
BRDA:14,0,0,0
BRDA:26,1,0,0
BRF:2
BRH:0
end_of_record
TN:
SF:utils\telegram.utils.js
FN:8,sendMessage
FN:18,sendAuth
FN:24,sendCode
FN:35,verify
FN:43,cantNcApiMake
FN:48,clientHasActive
FN:57,cantSendCallback
FN:62,moreAmount
FN:67,sendProofs
FN:68,(anonymous_9)
FNF:10
FNH:10
FNDA:10,sendMessage
FNDA:1,sendAuth
FNDA:1,sendCode
FNDA:3,verify
FNDA:1,cantNcApiMake
FNDA:1,clientHasActive
FNDA:1,cantSendCallback
FNDA:1,moreAmount
FNDA:1,sendProofs
FNDA:2,(anonymous_9)
DA:1,2
DA:2,2
DA:4,2
DA:5,2
DA:9,10
DA:10,10
DA:11,9
DA:14,1
DA:19,1
DA:21,1
DA:25,1
DA:27,1
DA:29,1
DA:30,1
DA:32,1
DA:36,3
DA:37,3
DA:39,3
DA:40,2
DA:44,1
DA:45,1
DA:49,1
DA:50,1
DA:51,1
DA:52,1
DA:54,1
DA:58,1
DA:59,1
DA:63,1
DA:64,1
DA:68,1
DA:69,2
DA:70,2
DA:71,2
DA:72,2
DA:73,2
DA:75,2
DA:79,2
LF:38
LH:38
BRDA:8,0,0,10
BRDA:39,1,0,1
BRDA:39,1,1,2
BRDA:40,2,0,1
BRDA:40,2,1,1
BRDA:43,3,0,1
BRDA:48,4,0,1
BRDA:57,5,0,1
BRDA:62,6,0,1
BRF:9
BRH:9
end_of_record
TN:
SF:utils\utils.js
FN:3,(anonymous_0)
FN:5,(anonymous_1)
FNF:2
FNH:2
FNDA:10,(anonymous_0)
FNDA:3,(anonymous_1)
DA:1,3
DA:3,10
DA:5,3
DA:6,3
DA:7,2
DA:11,3
LF:6
LH:6
BRDA:3,0,0,2
BRF:1
BRH:1
end_of_record
